[INFO ] 2018-10-24 12:16:19.835 [main] AnnotationConfigApplicationContext - Refreshing org.springframework.context.annotation.AnnotationConfigApplicationContext@7a560583: startup date [Wed Oct 24 12:16:19 CEST 2018]; root of context hierarchy
[INFO ] 2018-10-24 12:16:20.149 [main] AutowiredAnnotationBeanPostProcessor - JSR-330 'javax.inject.Inject' annotation found and supported for autowiring
[INFO ] 2018-10-24 12:16:20.195 [main] PostProcessorRegistrationDelegate$BeanPostProcessorChecker - Bean 'configurationPropertiesRebinderAutoConfiguration' of type [org.springframework.cloud.autoconfigure.ConfigurationPropertiesRebinderAutoConfiguration$$EnhancerBySpringCGLIB$$74c216df] is not eligible for getting processed by all BeanPostProcessors (for example: not eligible for auto-proxying)
[INFO ] 2018-10-24 12:16:20.406 [main] GenericWebApplicationContext - Refreshing org.springframework.web.context.support.GenericWebApplicationContext@40f33492: startup date [Wed Oct 24 12:16:20 CEST 2018]; parent: org.springframework.context.annotation.AnnotationConfigApplicationContext@7a560583
[INFO ] 2018-10-24 12:16:21.080 [main] DefaultListableBeanFactory - Overriding bean definition for bean 'dataSource' with a different definition: replacing [Root bean: class [null]; scope=refresh; abstract=false; lazyInit=false; autowireMode=3; dependencyCheck=0; autowireCandidate=false; primary=false; factoryBeanName=org.springframework.boot.autoconfigure.jdbc.DataSourceConfiguration$Hikari; factoryMethodName=dataSource; initMethodName=null; destroyMethodName=(inferred); defined in class path resource [org/springframework/boot/autoconfigure/jdbc/DataSourceConfiguration$Hikari.class]] with [Root bean: class [org.springframework.aop.scope.ScopedProxyFactoryBean]; scope=; abstract=false; lazyInit=false; autowireMode=0; dependencyCheck=0; autowireCandidate=true; primary=false; factoryBeanName=null; factoryMethodName=null; initMethodName=null; destroyMethodName=null; defined in BeanDefinition defined in class path resource [org/springframework/boot/autoconfigure/jdbc/DataSourceConfiguration$Hikari.class]]
[INFO ] 2018-10-24 12:16:21.191 [main] GenericScope - BeanFactory id=4702c19a-8f61-3616-afe0-c2ff9424e775
[INFO ] 2018-10-24 12:16:21.312 [main] AutowiredAnnotationBeanPostProcessor - JSR-330 'javax.inject.Inject' annotation found and supported for autowiring
[INFO ] 2018-10-24 12:16:21.422 [main] PostProcessorRegistrationDelegate$BeanPostProcessorChecker - Bean 'org.springframework.transaction.annotation.ProxyTransactionManagementConfiguration' of type [org.springframework.transaction.annotation.ProxyTransactionManagementConfiguration$$EnhancerBySpringCGLIB$$58a813e2] is not eligible for getting processed by all BeanPostProcessors (for example: not eligible for auto-proxying)
[INFO ] 2018-10-24 12:16:21.454 [main] PostProcessorRegistrationDelegate$BeanPostProcessorChecker - Bean 'org.springframework.cloud.autoconfigure.ConfigurationPropertiesRebinderAutoConfiguration' of type [org.springframework.cloud.autoconfigure.ConfigurationPropertiesRebinderAutoConfiguration$$EnhancerBySpringCGLIB$$74c216df] is not eligible for getting processed by all BeanPostProcessors (for example: not eligible for auto-proxying)
[INFO ] 2018-10-24 12:16:21.777 [main] LocalContainerEntityManagerFactoryBean - Building JPA container EntityManagerFactory for persistence unit 'default'
[INFO ] 2018-10-24 12:16:23.923 [main] LocalContainerEntityManagerFactoryBean - Initialized JPA EntityManagerFactory for persistence unit 'default'
[INFO ] 2018-10-24 12:16:24.561 [main] SimpleUrlHandlerMapping - Mapped URL path [/**/favicon.ico] onto handler of type [class org.springframework.web.servlet.resource.ResourceHttpRequestHandler]
[INFO ] 2018-10-24 12:16:24.805 [main] RequestMappingHandlerAdapter - Looking for @ControllerAdvice: org.springframework.web.context.support.GenericWebApplicationContext@40f33492: startup date [Wed Oct 24 12:16:20 CEST 2018]; parent: org.springframework.context.annotation.AnnotationConfigApplicationContext@7a560583
[WARN ] 2018-10-24 12:16:24.852 [main] JpaBaseConfiguration$JpaWebConfiguration$JpaWebMvcConfiguration - spring.jpa.open-in-view is enabled by default. Therefore, database queries may be performed during view rendering. Explicitly configure spring.jpa.open-in-view to disable this warning
[INFO ] 2018-10-24 12:16:24.887 [main] RequestMappingHandlerMapping - Mapped "{[/api/etab],methods=[GET]}" onto public java.util.List<com.krhonos.etablissement.model.Etablissement> com.krhonos.etablissement.controller.EtablissementController.getAllEtablissements()
[INFO ] 2018-10-24 12:16:24.889 [main] RequestMappingHandlerMapping - Mapped "{[/api/etab/create],methods=[POST]}" onto private com.krhonos.etablissement.model.Etablissement com.krhonos.etablissement.controller.EtablissementController.postEtablissement(com.krhonos.etablissement.model.Etablissement)
[INFO ] 2018-10-24 12:16:24.889 [main] RequestMappingHandlerMapping - Mapped "{[/api/etab/{id}],methods=[DELETE]}" onto public org.springframework.http.ResponseEntity<java.lang.String> com.krhonos.etablissement.controller.EtablissementController.deleteEtablissement(long)
[INFO ] 2018-10-24 12:16:24.890 [main] RequestMappingHandlerMapping - Mapped "{[/api/etab/{id}],methods=[PUT]}" onto public org.springframework.http.ResponseEntity<com.krhonos.etablissement.model.Etablissement> com.krhonos.etablissement.controller.EtablissementController.updateEtablissement(long,com.krhonos.etablissement.model.Etablissement)
[INFO ] 2018-10-24 12:16:24.890 [main] RequestMappingHandlerMapping - Mapped "{[/api/etab/id/{id}],methods=[GET]}" onto public com.krhonos.etablissement.model.Etablissement com.krhonos.etablissement.controller.EtablissementController.findById(long)
[INFO ] 2018-10-24 12:16:24.891 [main] RequestMappingHandlerMapping - Mapped "{[/api/services/id/{id}],methods=[GET]}" onto public com.krhonos.etablissement.model.Service com.krhonos.etablissement.controller.ServiceController.findById(long)
[INFO ] 2018-10-24 12:16:24.892 [main] RequestMappingHandlerMapping - Mapped "{[/api/Services/create],methods=[POST]}" onto public com.krhonos.etablissement.model.Service com.krhonos.etablissement.controller.ServiceController.postService(com.krhonos.etablissement.model.Service)
[INFO ] 2018-10-24 12:16:24.892 [main] RequestMappingHandlerMapping - Mapped "{[/api/services/{id}],methods=[PUT]}" onto public org.springframework.http.ResponseEntity<com.krhonos.etablissement.model.Service> com.krhonos.etablissement.controller.ServiceController.updateService(long,com.krhonos.etablissement.model.Service)
[INFO ] 2018-10-24 12:16:24.892 [main] RequestMappingHandlerMapping - Mapped "{[/api/services],methods=[GET]}" onto public java.util.List<com.krhonos.etablissement.model.Service> com.krhonos.etablissement.controller.ServiceController.getAllServices()
[INFO ] 2018-10-24 12:16:24.894 [main] RequestMappingHandlerMapping - Mapped "{[/error]}" onto public org.springframework.http.ResponseEntity<java.util.Map<java.lang.String, java.lang.Object>> org.springframework.boot.autoconfigure.web.servlet.error.BasicErrorController.error(javax.servlet.http.HttpServletRequest)
[INFO ] 2018-10-24 12:16:24.895 [main] RequestMappingHandlerMapping - Mapped "{[/error],produces=[text/html]}" onto public org.springframework.web.servlet.ModelAndView org.springframework.boot.autoconfigure.web.servlet.error.BasicErrorController.errorHtml(javax.servlet.http.HttpServletRequest,javax.servlet.http.HttpServletResponse)
[INFO ] 2018-10-24 12:16:24.920 [main] SimpleUrlHandlerMapping - Mapped URL path [/webjars/**] onto handler of type [class org.springframework.web.servlet.resource.ResourceHttpRequestHandler]
[INFO ] 2018-10-24 12:16:24.920 [main] SimpleUrlHandlerMapping - Mapped URL path [/**] onto handler of type [class org.springframework.web.servlet.resource.ResourceHttpRequestHandler]
[INFO ] 2018-10-24 12:16:25.556 [main] DefaultLifecycleProcessor - Starting beans in phase 0
[INFO ] 2018-10-24 12:16:25.725 [Thread-5] GenericWebApplicationContext - Closing org.springframework.web.context.support.GenericWebApplicationContext@40f33492: startup date [Wed Oct 24 12:16:20 CEST 2018]; parent: org.springframework.context.annotation.AnnotationConfigApplicationContext@7a560583
[INFO ] 2018-10-24 12:16:25.735 [Thread-5] InstanceInfoFactory - Setting initial instance status as: STARTING
[INFO ] 2018-10-24 12:16:25.741 [Thread-5] EurekaServiceRegistry - Unregistering application etablissement-server with eureka with status DOWN
[INFO ] 2018-10-24 12:16:25.743 [Thread-5] DefaultLifecycleProcessor - Stopping beans in phase 0
[INFO ] 2018-10-24 12:16:25.748 [Thread-5] LocalContainerEntityManagerFactoryBean - Closing JPA EntityManagerFactory for persistence unit 'default'
[INFO ] 2018-10-24 12:22:10.832 [main] AnnotationConfigApplicationContext - Refreshing org.springframework.context.annotation.AnnotationConfigApplicationContext@2320fa6f: startup date [Wed Oct 24 12:22:10 CEST 2018]; root of context hierarchy
[INFO ] 2018-10-24 12:22:11.089 [main] AutowiredAnnotationBeanPostProcessor - JSR-330 'javax.inject.Inject' annotation found and supported for autowiring
[INFO ] 2018-10-24 12:22:11.120 [main] PostProcessorRegistrationDelegate$BeanPostProcessorChecker - Bean 'configurationPropertiesRebinderAutoConfiguration' of type [org.springframework.cloud.autoconfigure.ConfigurationPropertiesRebinderAutoConfiguration$$EnhancerBySpringCGLIB$$44e3d70f] is not eligible for getting processed by all BeanPostProcessors (for example: not eligible for auto-proxying)
[INFO ] 2018-10-24 12:22:11.387 [main] GenericWebApplicationContext - Refreshing org.springframework.web.context.support.GenericWebApplicationContext@6d511b5f: startup date [Wed Oct 24 12:22:11 CEST 2018]; parent: org.springframework.context.annotation.AnnotationConfigApplicationContext@2320fa6f
[INFO ] 2018-10-24 12:22:12.147 [main] DefaultListableBeanFactory - Overriding bean definition for bean 'dataSource' with a different definition: replacing [Root bean: class [null]; scope=refresh; abstract=false; lazyInit=false; autowireMode=3; dependencyCheck=0; autowireCandidate=false; primary=false; factoryBeanName=org.springframework.boot.autoconfigure.jdbc.DataSourceConfiguration$Hikari; factoryMethodName=dataSource; initMethodName=null; destroyMethodName=(inferred); defined in class path resource [org/springframework/boot/autoconfigure/jdbc/DataSourceConfiguration$Hikari.class]] with [Root bean: class [org.springframework.aop.scope.ScopedProxyFactoryBean]; scope=; abstract=false; lazyInit=false; autowireMode=0; dependencyCheck=0; autowireCandidate=true; primary=false; factoryBeanName=null; factoryMethodName=null; initMethodName=null; destroyMethodName=null; defined in BeanDefinition defined in class path resource [org/springframework/boot/autoconfigure/jdbc/DataSourceConfiguration$Hikari.class]]
[INFO ] 2018-10-24 12:22:12.329 [main] GenericScope - BeanFactory id=4702c19a-8f61-3616-afe0-c2ff9424e775
[INFO ] 2018-10-24 12:22:12.376 [main] AutowiredAnnotationBeanPostProcessor - JSR-330 'javax.inject.Inject' annotation found and supported for autowiring
[INFO ] 2018-10-24 12:22:12.463 [main] PostProcessorRegistrationDelegate$BeanPostProcessorChecker - Bean 'org.springframework.transaction.annotation.ProxyTransactionManagementConfiguration' of type [org.springframework.transaction.annotation.ProxyTransactionManagementConfiguration$$EnhancerBySpringCGLIB$$28c9d412] is not eligible for getting processed by all BeanPostProcessors (for example: not eligible for auto-proxying)
[INFO ] 2018-10-24 12:22:12.497 [main] PostProcessorRegistrationDelegate$BeanPostProcessorChecker - Bean 'org.springframework.cloud.autoconfigure.ConfigurationPropertiesRebinderAutoConfiguration' of type [org.springframework.cloud.autoconfigure.ConfigurationPropertiesRebinderAutoConfiguration$$EnhancerBySpringCGLIB$$44e3d70f] is not eligible for getting processed by all BeanPostProcessors (for example: not eligible for auto-proxying)
[INFO ] 2018-10-24 12:22:12.803 [main] LocalContainerEntityManagerFactoryBean - Building JPA container EntityManagerFactory for persistence unit 'default'
[INFO ] 2018-10-24 12:22:15.432 [main] LocalContainerEntityManagerFactoryBean - Initialized JPA EntityManagerFactory for persistence unit 'default'
[INFO ] 2018-10-24 12:22:16.023 [main] SimpleUrlHandlerMapping - Mapped URL path [/**/favicon.ico] onto handler of type [class org.springframework.web.servlet.resource.ResourceHttpRequestHandler]
[INFO ] 2018-10-24 12:22:16.262 [main] RequestMappingHandlerAdapter - Looking for @ControllerAdvice: org.springframework.web.context.support.GenericWebApplicationContext@6d511b5f: startup date [Wed Oct 24 12:22:11 CEST 2018]; parent: org.springframework.context.annotation.AnnotationConfigApplicationContext@2320fa6f
[WARN ] 2018-10-24 12:22:16.308 [main] JpaBaseConfiguration$JpaWebConfiguration$JpaWebMvcConfiguration - spring.jpa.open-in-view is enabled by default. Therefore, database queries may be performed during view rendering. Explicitly configure spring.jpa.open-in-view to disable this warning
[INFO ] 2018-10-24 12:22:16.344 [main] RequestMappingHandlerMapping - Mapped "{[/api/etab/id/{id}],methods=[GET]}" onto public com.krhonos.etablissement.model.Etablissement com.krhonos.etablissement.controller.EtablissementController.findById(long)
[INFO ] 2018-10-24 12:22:16.345 [main] RequestMappingHandlerMapping - Mapped "{[/api/etab],methods=[GET]}" onto public java.util.List<com.krhonos.etablissement.model.Etablissement> com.krhonos.etablissement.controller.EtablissementController.getAllEtablissements()
[INFO ] 2018-10-24 12:22:16.345 [main] RequestMappingHandlerMapping - Mapped "{[/api/etab/create],methods=[POST]}" onto private com.krhonos.etablissement.model.Etablissement com.krhonos.etablissement.controller.EtablissementController.postEtablissement(com.krhonos.etablissement.model.Etablissement)
[INFO ] 2018-10-24 12:22:16.346 [main] RequestMappingHandlerMapping - Mapped "{[/api/etab/{id}],methods=[DELETE]}" onto public org.springframework.http.ResponseEntity<java.lang.String> com.krhonos.etablissement.controller.EtablissementController.deleteEtablissement(long)
[INFO ] 2018-10-24 12:22:16.346 [main] RequestMappingHandlerMapping - Mapped "{[/api/etab/{id}],methods=[PUT]}" onto public org.springframework.http.ResponseEntity<com.krhonos.etablissement.model.Etablissement> com.krhonos.etablissement.controller.EtablissementController.updateEtablissement(long,com.krhonos.etablissement.model.Etablissement)
[INFO ] 2018-10-24 12:22:16.347 [main] RequestMappingHandlerMapping - Mapped "{[/api/services/id/{id}],methods=[GET]}" onto public com.krhonos.etablissement.model.Service com.krhonos.etablissement.controller.ServiceController.findById(long)
[INFO ] 2018-10-24 12:22:16.348 [main] RequestMappingHandlerMapping - Mapped "{[/api/Services/create],methods=[POST]}" onto public com.krhonos.etablissement.model.Service com.krhonos.etablissement.controller.ServiceController.postService(com.krhonos.etablissement.model.Service)
[INFO ] 2018-10-24 12:22:16.348 [main] RequestMappingHandlerMapping - Mapped "{[/api/services/{id}],methods=[PUT]}" onto public org.springframework.http.ResponseEntity<com.krhonos.etablissement.model.Service> com.krhonos.etablissement.controller.ServiceController.updateService(long,com.krhonos.etablissement.model.Service)
[INFO ] 2018-10-24 12:22:16.348 [main] RequestMappingHandlerMapping - Mapped "{[/api/services],methods=[GET]}" onto public java.util.List<com.krhonos.etablissement.model.Service> com.krhonos.etablissement.controller.ServiceController.getAllServices()
[INFO ] 2018-10-24 12:22:16.349 [main] RequestMappingHandlerMapping - Mapped "{[/error]}" onto public org.springframework.http.ResponseEntity<java.util.Map<java.lang.String, java.lang.Object>> org.springframework.boot.autoconfigure.web.servlet.error.BasicErrorController.error(javax.servlet.http.HttpServletRequest)
[INFO ] 2018-10-24 12:22:16.350 [main] RequestMappingHandlerMapping - Mapped "{[/error],produces=[text/html]}" onto public org.springframework.web.servlet.ModelAndView org.springframework.boot.autoconfigure.web.servlet.error.BasicErrorController.errorHtml(javax.servlet.http.HttpServletRequest,javax.servlet.http.HttpServletResponse)
[INFO ] 2018-10-24 12:22:16.373 [main] SimpleUrlHandlerMapping - Mapped URL path [/webjars/**] onto handler of type [class org.springframework.web.servlet.resource.ResourceHttpRequestHandler]
[INFO ] 2018-10-24 12:22:16.373 [main] SimpleUrlHandlerMapping - Mapped URL path [/**] onto handler of type [class org.springframework.web.servlet.resource.ResourceHttpRequestHandler]
[INFO ] 2018-10-24 12:22:16.980 [main] DefaultLifecycleProcessor - Starting beans in phase 0
[INFO ] 2018-10-24 12:22:17.206 [Thread-5] GenericWebApplicationContext - Closing org.springframework.web.context.support.GenericWebApplicationContext@6d511b5f: startup date [Wed Oct 24 12:22:11 CEST 2018]; parent: org.springframework.context.annotation.AnnotationConfigApplicationContext@2320fa6f
[INFO ] 2018-10-24 12:22:17.214 [Thread-5] InstanceInfoFactory - Setting initial instance status as: STARTING
[INFO ] 2018-10-24 12:22:17.216 [Thread-5] EurekaServiceRegistry - Unregistering application etablissement-server with eureka with status DOWN
[INFO ] 2018-10-24 12:22:17.218 [Thread-5] DefaultLifecycleProcessor - Stopping beans in phase 0
[INFO ] 2018-10-24 12:22:17.221 [Thread-5] LocalContainerEntityManagerFactoryBean - Closing JPA EntityManagerFactory for persistence unit 'default'
[INFO ] 2018-10-24 13:43:37.720 [main] AnnotationConfigApplicationContext - Refreshing org.springframework.context.annotation.AnnotationConfigApplicationContext@77a7cf58: startup date [Wed Oct 24 13:43:37 CEST 2018]; root of context hierarchy
[INFO ] 2018-10-24 13:43:37.978 [main] AutowiredAnnotationBeanPostProcessor - JSR-330 'javax.inject.Inject' annotation found and supported for autowiring
[INFO ] 2018-10-24 13:43:38.009 [main] PostProcessorRegistrationDelegate$BeanPostProcessorChecker - Bean 'configurationPropertiesRebinderAutoConfiguration' of type [org.springframework.cloud.autoconfigure.ConfigurationPropertiesRebinderAutoConfiguration$$EnhancerBySpringCGLIB$$b31771f6] is not eligible for getting processed by all BeanPostProcessors (for example: not eligible for auto-proxying)
[INFO ] 2018-10-24 13:43:38.226 [main] GenericWebApplicationContext - Refreshing org.springframework.web.context.support.GenericWebApplicationContext@6bc28a83: startup date [Wed Oct 24 13:43:38 CEST 2018]; parent: org.springframework.context.annotation.AnnotationConfigApplicationContext@77a7cf58
[INFO ] 2018-10-24 13:43:38.976 [main] DefaultListableBeanFactory - Overriding bean definition for bean 'dataSource' with a different definition: replacing [Root bean: class [null]; scope=refresh; abstract=false; lazyInit=false; autowireMode=3; dependencyCheck=0; autowireCandidate=false; primary=false; factoryBeanName=org.springframework.boot.autoconfigure.jdbc.DataSourceConfiguration$Hikari; factoryMethodName=dataSource; initMethodName=null; destroyMethodName=(inferred); defined in class path resource [org/springframework/boot/autoconfigure/jdbc/DataSourceConfiguration$Hikari.class]] with [Root bean: class [org.springframework.aop.scope.ScopedProxyFactoryBean]; scope=; abstract=false; lazyInit=false; autowireMode=0; dependencyCheck=0; autowireCandidate=true; primary=false; factoryBeanName=null; factoryMethodName=null; initMethodName=null; destroyMethodName=null; defined in BeanDefinition defined in class path resource [org/springframework/boot/autoconfigure/jdbc/DataSourceConfiguration$Hikari.class]]
[INFO ] 2018-10-24 13:43:39.158 [main] GenericScope - BeanFactory id=4702c19a-8f61-3616-afe0-c2ff9424e775
[INFO ] 2018-10-24 13:43:39.202 [main] AutowiredAnnotationBeanPostProcessor - JSR-330 'javax.inject.Inject' annotation found and supported for autowiring
[INFO ] 2018-10-24 13:43:39.287 [main] PostProcessorRegistrationDelegate$BeanPostProcessorChecker - Bean 'org.springframework.transaction.annotation.ProxyTransactionManagementConfiguration' of type [org.springframework.transaction.annotation.ProxyTransactionManagementConfiguration$$EnhancerBySpringCGLIB$$96fd6ef9] is not eligible for getting processed by all BeanPostProcessors (for example: not eligible for auto-proxying)
[INFO ] 2018-10-24 13:43:39.319 [main] PostProcessorRegistrationDelegate$BeanPostProcessorChecker - Bean 'org.springframework.cloud.autoconfigure.ConfigurationPropertiesRebinderAutoConfiguration' of type [org.springframework.cloud.autoconfigure.ConfigurationPropertiesRebinderAutoConfiguration$$EnhancerBySpringCGLIB$$b31771f6] is not eligible for getting processed by all BeanPostProcessors (for example: not eligible for auto-proxying)
[INFO ] 2018-10-24 13:43:39.625 [main] LocalContainerEntityManagerFactoryBean - Building JPA container EntityManagerFactory for persistence unit 'default'
[INFO ] 2018-10-24 13:43:41.929 [main] LocalContainerEntityManagerFactoryBean - Initialized JPA EntityManagerFactory for persistence unit 'default'
[INFO ] 2018-10-24 13:43:42.536 [main] SimpleUrlHandlerMapping - Mapped URL path [/**/favicon.ico] onto handler of type [class org.springframework.web.servlet.resource.ResourceHttpRequestHandler]
[INFO ] 2018-10-24 13:43:42.784 [main] RequestMappingHandlerAdapter - Looking for @ControllerAdvice: org.springframework.web.context.support.GenericWebApplicationContext@6bc28a83: startup date [Wed Oct 24 13:43:38 CEST 2018]; parent: org.springframework.context.annotation.AnnotationConfigApplicationContext@77a7cf58
[WARN ] 2018-10-24 13:43:42.828 [main] JpaBaseConfiguration$JpaWebConfiguration$JpaWebMvcConfiguration - spring.jpa.open-in-view is enabled by default. Therefore, database queries may be performed during view rendering. Explicitly configure spring.jpa.open-in-view to disable this warning
[INFO ] 2018-10-24 13:43:42.870 [main] RequestMappingHandlerMapping - Mapped "{[/api/etab/id/{id}],methods=[GET]}" onto public com.krhonos.etablissement.model.Etablissement com.krhonos.etablissement.controller.EtablissementController.findById(long)
[INFO ] 2018-10-24 13:43:42.871 [main] RequestMappingHandlerMapping - Mapped "{[/api/etab],methods=[GET]}" onto public java.util.List<com.krhonos.etablissement.model.Etablissement> com.krhonos.etablissement.controller.EtablissementController.getAllEtablissements()
[INFO ] 2018-10-24 13:43:42.872 [main] RequestMappingHandlerMapping - Mapped "{[/api/etab/create],methods=[POST]}" onto private com.krhonos.etablissement.model.Etablissement com.krhonos.etablissement.controller.EtablissementController.postEtablissement(com.krhonos.etablissement.model.Etablissement)
[INFO ] 2018-10-24 13:43:42.872 [main] RequestMappingHandlerMapping - Mapped "{[/api/etab/{id}],methods=[DELETE]}" onto public org.springframework.http.ResponseEntity<java.lang.String> com.krhonos.etablissement.controller.EtablissementController.deleteEtablissement(long)
[INFO ] 2018-10-24 13:43:42.872 [main] RequestMappingHandlerMapping - Mapped "{[/api/etab/{id}],methods=[PUT]}" onto public org.springframework.http.ResponseEntity<com.krhonos.etablissement.model.Etablissement> com.krhonos.etablissement.controller.EtablissementController.updateEtablissement(long,com.krhonos.etablissement.model.Etablissement)
[INFO ] 2018-10-24 13:43:42.874 [main] RequestMappingHandlerMapping - Mapped "{[/api/services],methods=[GET]}" onto public java.util.List<com.krhonos.etablissement.model.Service> com.krhonos.etablissement.controller.ServiceController.getAllServices()
[INFO ] 2018-10-24 13:43:42.874 [main] RequestMappingHandlerMapping - Mapped "{[/api/services/{id}],methods=[PUT]}" onto public org.springframework.http.ResponseEntity<com.krhonos.etablissement.model.Service> com.krhonos.etablissement.controller.ServiceController.updateService(long,com.krhonos.etablissement.model.Service)
[INFO ] 2018-10-24 13:43:42.874 [main] RequestMappingHandlerMapping - Mapped "{[/api/Services/create],methods=[POST]}" onto public com.krhonos.etablissement.model.Service com.krhonos.etablissement.controller.ServiceController.postService(com.krhonos.etablissement.model.Service)
[INFO ] 2018-10-24 13:43:42.875 [main] RequestMappingHandlerMapping - Mapped "{[/api/services/id/{id}],methods=[GET]}" onto public com.krhonos.etablissement.model.Service com.krhonos.etablissement.controller.ServiceController.findById(long)
[INFO ] 2018-10-24 13:43:42.876 [main] RequestMappingHandlerMapping - Mapped "{[/error]}" onto public org.springframework.http.ResponseEntity<java.util.Map<java.lang.String, java.lang.Object>> org.springframework.boot.autoconfigure.web.servlet.error.BasicErrorController.error(javax.servlet.http.HttpServletRequest)
[INFO ] 2018-10-24 13:43:42.877 [main] RequestMappingHandlerMapping - Mapped "{[/error],produces=[text/html]}" onto public org.springframework.web.servlet.ModelAndView org.springframework.boot.autoconfigure.web.servlet.error.BasicErrorController.errorHtml(javax.servlet.http.HttpServletRequest,javax.servlet.http.HttpServletResponse)
[INFO ] 2018-10-24 13:43:42.902 [main] SimpleUrlHandlerMapping - Mapped URL path [/webjars/**] onto handler of type [class org.springframework.web.servlet.resource.ResourceHttpRequestHandler]
[INFO ] 2018-10-24 13:43:42.902 [main] SimpleUrlHandlerMapping - Mapped URL path [/**] onto handler of type [class org.springframework.web.servlet.resource.ResourceHttpRequestHandler]
[INFO ] 2018-10-24 13:43:43.533 [main] DefaultLifecycleProcessor - Starting beans in phase 0
[INFO ] 2018-10-24 13:43:43.694 [Thread-5] GenericWebApplicationContext - Closing org.springframework.web.context.support.GenericWebApplicationContext@6bc28a83: startup date [Wed Oct 24 13:43:38 CEST 2018]; parent: org.springframework.context.annotation.AnnotationConfigApplicationContext@77a7cf58
[INFO ] 2018-10-24 13:43:43.705 [Thread-5] InstanceInfoFactory - Setting initial instance status as: STARTING
[INFO ] 2018-10-24 13:43:43.708 [Thread-5] EurekaServiceRegistry - Unregistering application etablissement-server with eureka with status DOWN
[INFO ] 2018-10-24 13:43:43.710 [Thread-5] DefaultLifecycleProcessor - Stopping beans in phase 0
[INFO ] 2018-10-24 13:43:43.717 [Thread-5] LocalContainerEntityManagerFactoryBean - Closing JPA EntityManagerFactory for persistence unit 'default'
